  CLEAN   dts/../arch/arm/dts
  CLEAN   dts
  CLEAN   lib/efi_loader
  CLEAN   tools
  CLEAN   scripts/basic
  CLEAN   tools/lib tools/common
  CLEAN   scripts/kconfig
  CLEAN   scripts/dtc
  CLEAN   include/bmp_logo.h include/bmp_logo_data.h include/generated/env.in include/generated/env.txt drivers/video/u_boot_logo.S u-boot u-boot.bin u-boot.cfg u-boot.cfg.tmp u-boot.lds u-boot.map u-boot-nodtb.bin u-boot.srec u-boot.sym System.map
  CLEAN   include/config include/generated
  CLEAN   .config .config.old include/autoconf.mk include/autoconf.mk.dep include/config.h
  HOSTCC  scripts/basic/fixdep
  HOSTCC  scripts/kconfig/conf.o
  YACC    scripts/kconfig/zconf.tab.c
  LEX     scripts/kconfig/zconf.lex.c
  HOSTCC  scripts/kconfig/zconf.tab.o
  HOSTLD  scripts/kconfig/conf
#
# configuration written to .config
#
scripts/kconfig/conf  --syncconfig Kconfig
  UPD     include/config.h
  CFG     u-boot.cfg
  GEN     include/autoconf.mk.dep
  GEN     include/autoconf.mk
  UPD     include/generated/dt.h
  ENVC    include/generated/env.txt
  UPD     include/generated/timestamp_autogenerated.h
  UPD     include/config/uboot.release
  ENVP    include/generated/env.in
  UPD     include/generated/version_autogenerated.h
  ENVT    include/generated/environment.h
  HOSTCC  scripts/dtc/dtc.o
  HOSTCC  scripts/dtc/flattree.o
  HOSTCC  scripts/dtc/fstree.o
  HOSTCC  scripts/dtc/data.o
  HOSTCC  scripts/dtc/livetree.o
  HOSTCC  scripts/dtc/treesource.o
  HOSTCC  scripts/dtc/srcpos.o
  CC      lib/asm-offsets.s
  CC      arch/arm/lib/asm-offsets.s
  HOSTCC  scripts/dtc/checks.o
  UPD     include/generated/asm-offsets.h
  HOSTCC  scripts/dtc/util.o
  UPD     include/generated/generic-asm-offsets.h
  LEX     scripts/dtc/dtc-lexer.lex.c
  YACC    scripts/dtc/dtc-parser.tab.h
  YACC    scripts/dtc/dtc-parser.tab.c
  LDS     u-boot.lds
  HOSTCC  scripts/dtc/dtc-lexer.lex.o
  HOSTCC  scripts/dtc/dtc-parser.tab.o
  HOSTLD  scripts/dtc/dtc
  HOSTCC  tools/bmp_logo
  HOSTCC  tools/gen_eth_addr
  HOSTCC  tools/gen_ethaddr_crc.o
  WRAP    tools/lib/crc8.c
  HOSTCC  tools/img2srec
  HOSTCC  tools/mkenvimage.o
  HOSTCC  tools/os_support.o
  WRAP    tools/lib/crc32.c
  HOSTCC  tools/aisimage.o
  HOSTCC  tools/atmelimage.o
  HOSTCC  tools/fit_common.o
  HOSTCC  tools/fit_image.o
  HOSTCC  tools/image-host.o
  HOSTCC  tools/boot/image-fit.o
  HOSTCC  tools/image-sig-host.o
  HOSTCC  tools/boot/image-fit-sig.o
  HOSTCC  tools/boot/image-cipher.o
  HOSTCC  tools/boot/fdt_region.o
  HOSTCC  tools/boot/bootm.o
  HOSTCC  tools/lib/crc32.o
  HOSTCC  tools/default_image.o
  WRAP    tools/lib/fdtdec_common.c
  WRAP    tools/lib/fdtdec.c
  HOSTCC  tools/boot/image.o
  HOSTCC  tools/boot/image-host.o
  HOSTCC  tools/imagetool.o
  HOSTCC  tools/imximage.o
  HOSTCC  tools/imx8image.o
  HOSTCC  tools/imx8mimage.o
  HOSTCC  tools/kwbimage.o
  WRAP    tools/lib/md5.c
  HOSTCC  tools/lpc32xximage.o
  HOSTCC  tools/mxsimage.o
  HOSTCC  tools/omapimage.o
  HOSTCC  tools/pblimage.o
  HOSTCC  tools/pbl_crc32.o
  HOSTCC  tools/renesas_spkgimage.o
  HOSTCC  tools/vybridimage.o
  HOSTCC  tools/stm32image.o
  WRAP    tools/lib/rc4.c
  HOSTCC  tools/rkcommon.o
  HOSTCC  tools/rkimage.o
  HOSTCC  tools/rksd.o
  HOSTCC  tools/rkspi.o
  HOSTCC  tools/socfpgaimage.o
  HOSTCC  tools/sunxi_egon.o
  WRAP    tools/lib/crc16-ccitt.c
  WRAP    tools/lib/hash-checksum.c
  WRAP    tools/lib/sha1.c
  WRAP    tools/lib/sha256.c
  WRAP    tools/lib/sha512.c
  WRAP    tools/common/hash.c
  HOSTCC  tools/ublimage.o
  HOSTCC  tools/zynqimage.o
  HOSTCC  tools/zynqmpimage.o
  HOSTCC  tools/zynqmpbif.o
  WRAP    tools/lib/fdt-libcrypto.c
  HOSTCC  tools/sunxi_toc0.o
  HOSTCC  tools/libfdt/fdt.o
  HOSTCC  tools/libfdt/fdt_ro.o
  HOSTCC  tools/libfdt/fdt_wip.o
  HOSTCC  tools/libfdt/fdt_sw.o
  HOSTCC  tools/libfdt/fdt_rw.o
  HOSTCC  tools/libfdt/fdt_strerror.o
  HOSTCC  tools/libfdt/fdt_empty_tree.o
  HOSTCC  tools/libfdt/fdt_addresses.o
  HOSTCC  tools/libfdt/fdt_overlay.o
  HOSTCC  tools/gpimage.o
  HOSTCC  tools/gpimage-common.o
  HOSTCC  tools/mtk_image.o
  HOSTCC  tools/mtk_nand_headers.o
  WRAP    tools/lib/ecdsa/ecdsa-libcrypto.c
  WRAP    tools/lib/rsa/rsa-sign.c
  WRAP    tools/lib/rsa/rsa-verify.c
  WRAP    tools/lib/rsa/rsa-mod-exp.c
  WRAP    tools/lib/aes/aes-encrypt.c
  WRAP    tools/lib/aes/aes-decrypt.c
  HOSTCC  tools/dumpimage.o
  HOSTCC  tools/lib/fdtdec_common.o
  HOSTCC  tools/lib/fdtdec.o
  HOSTCC  tools/lib/md5.o
  HOSTCC  tools/lib/rc4.o
  HOSTCC  tools/lib/crc16-ccitt.o
  HOSTCC  tools/lib/hash-checksum.o
  HOSTCC  tools/lib/sha1.o
  HOSTCC  tools/lib/sha256.o
  HOSTCC  tools/lib/sha512.o
  HOSTCC  tools/common/hash.o
  HOSTCC  tools/lib/fdt-libcrypto.o
  HOSTCC  tools/lib/ecdsa/ecdsa-libcrypto.o
  HOSTCC  tools/lib/rsa/rsa-sign.o
  HOSTCC  tools/lib/rsa/rsa-verify.o
  HOSTCC  tools/lib/rsa/rsa-mod-exp.o
  HOSTCC  tools/lib/aes/aes-encrypt.o
  HOSTCC  tools/lib/aes/aes-decrypt.o
  HOSTCC  tools/mkimage.o
  HOSTCC  tools/fit_info.o
  HOSTCC  tools/fit_check_sign.o
  HOSTCC  tools/fdt_add_pubkey.o
  HOSTCC  tools/proftool.o
  WRAP    tools/lib/abuf.c
  HOSTCC  tools/relocate-rela
  HOSTCC  tools/fdtgrep.o
  HOSTCC  tools/spl_size_limit
tools/bmp_logo --gen-info ./tools/logos/denx.bmp > include/bmp_logo.h
tools/bmp_logo --gen-bmp ./tools/logos/denx.bmp > include/bmp_logo_data.h
  HOSTCC  tools/lib/crc8.o
  HOSTLD  tools/mkenvimage
  HOSTCC  tools/lib/abuf.o
  HOSTLD  tools/gen_ethaddr_crc
  HOSTLD  tools/dumpimage
  HOSTLD  tools/mkimage
  HOSTLD  tools/fit_info
  HOSTLD  tools/fit_check_sign
  HOSTLD  tools/fdt_add_pubkey
  HOSTLD  tools/fdtgrep
  HOSTLD  tools/proftool
  AR      arch/arm/cpu/built-in.o
  CC      arch/arm/cpu/armv8/cpu.o
  CC      arch/arm/cpu/armv8/generic_timer.o
  CC      arch/arm/cpu/armv8/cache_v8.o
  CC      arch/arm/mach-nf283x/init.o
  AS      arch/arm/lib/crt0_64.o
  AS      arch/arm/cpu/armv8/cache.o
  CC      board/ngxxfusfus/nfus/nfus.o
  CC      boot/bootm.o
  CC      boot/bootm_os.o
  AS      arch/arm/lib/setjmp_aarch64.o
  AS      arch/arm/lib/relocate_64.o
  AS      board/ngxxfusfus/nfus/lowlevel_init.o
  AS      arch/arm/cpu/armv8/exceptions.o
  CC      arch/arm/lib/bootm-fdt.o
  CC      arch/arm/mach-nf283x/reset.o
  CC      boot/pxe_utils.o
  AR      cmd/arm/built-in.o
  CC      cmd/boot.o
  CC      arch/arm/lib/bootm.o
  AR      board/ngxxfusfus/nfus/built-in.o
  CC      arch/arm/mach-nf283x/mbox.o
  CC      arch/arm/lib/image.o
  CC      cmd/bootm.o
  CC      cmd/help.o
  CC      arch/arm/cpu/armv8/exception_level.o
  CC      arch/arm/mach-nf283x/msg.o
  CC      arch/arm/lib/bdinfo.o
  CC      arch/arm/lib/sections.o
  CC      arch/arm/lib/stack.o
  CC      common/init/board_init.o
  AS      arch/arm/cpu/armv8/tlb.o
  CC      arch/arm/mach-nf283x/phys2bus.o
  CC      cmd/panic.o
  AS      arch/arm/cpu/armv8/transition.o
  AR      common/init/built-in.o
  CC      arch/arm/cpu/armv8/fwcall.o
  CC      disk/part.o
  CC      arch/arm/lib/interrupts_64.o
  CC      cmd/version.o
  CC      common/main.o
  CC      cmd/blk_common.o
  AR      arch/arm/mach-nf283x/built-in.o
  CC      arch/arm/cpu/armv8/cpu-dt.o
  CC      boot/image.o
  AR      drivers/adc/built-in.o
  AR      drivers/ata/built-in.o
  CC      common/exports.o
  AS      arch/arm/cpu/armv8/start.o
  AR      drivers/axi/built-in.o
  CC      drivers/block/blk-uclass.o
  CC      cmd/bootflow.o
  CC      arch/arm/lib/reset.o
  AR      arch/arm/cpu/armv8/built-in.o
  CC      arch/arm/lib/cache.o
  AR      drivers/bus/built-in.o
  CC      drivers/block/blkcache.o
  CC      cmd/source.o
  CC      arch/arm/lib/psci-dt.o
  CC      common/cli_hush.o
  CC      common/autoboot.o
  CC      cmd/bdinfo.o
  AR      arch/arm/lib/lib.a
  CC      disk/disk-uclass.o
  AS      arch/arm/lib/crt0_aarch64_efi.o
  CC      arch/arm/lib/reloc_aarch64_efi.o
  AR      arch/arm/lib/built-in.o
  AR      drivers/usb/cdns3/built-in.o
  AR      drivers/cache/built-in.o
  CC      disk/part_dos.o
  CC      drivers/core/device.o
  CC      cmd/blkcache.o
  CC      boot/image-board.o
  CC      drivers/usb/common/common.o
  AR      drivers/block/built-in.o
  CC      cmd/bootefi.o
  AR      drivers/crypto/aspeed/built-in.o
  CC      cmd/booti.o
  CC      drivers/crypto/fsl/sec.o
  AR      drivers/crypto/fsl/built-in.o
  AR      drivers/crypto/hash/built-in.o
  AR      drivers/crypto/nuvoton/built-in.o
  AR      drivers/crypto/rsa_mod_exp/built-in.o
  AR      drivers/crypto/built-in.o
  CC      common/board_f.o
  AR      drivers/usb/common/built-in.o
  CC      drivers/core/fdtaddr.o
  CC      boot/bootdev-uclass.o
  CC      disk/part_iso.o
  CC      disk/part_efi.o
  CC      cmd/cls.o
  CC      cmd/console.o
  CC      common/board_r.o
  CC      cmd/dm.o
  CC      cmd/echo.o
  CC      boot/bootflow.o
  CC      cmd/eficonfig.o
  CC      common/fdt_simplefb.o
  CC      drivers/core/lists.o
  AR      drivers/usb/dwc3/built-in.o
  AR      drivers/usb/emul/built-in.o
  CC      cmd/elf.o
  CC      drivers/dfu/dfu.o
  CC      cmd/exit.o
  CC      cmd/ext4.o
  CC      common/fdt_support.o
  AR      disk/built-in.o
  CC      drivers/core/root.o
  CC      cmd/ext2.o
  CC      boot/bootmeth-uclass.o
  AR      drivers/usb/eth/built-in.o
  CC      drivers/dfu/dfu_mmc.o
  CC      boot/bootstd-uclass.o
  CC      drivers/gpio/gpio-uclass.o
  CC      drivers/usb/gadget/epautoconf.o
  CC      drivers/usb/gadget/udc/udc-core.o
  CC      boot/bootmeth_extlinux.o
  AR      drivers/dfu/built-in.o
  CC      drivers/core/uclass.o
  CC      drivers/usb/host/usb-uclass.o
  CC      drivers/usb/gadget/config.o
  CC      boot/bootmeth_pxe.o
  CC      drivers/usb/gadget/udc/udc-uclass.o
  CC      drivers/usb/gadget/usbstring.o
  CC      boot/bootmeth_efi.o
  AR      drivers/usb/gadget/udc/built-in.o
  CC      boot/image-fdt.o
  CC      drivers/core/util.o
  CC      cmd/fat.o
  CC      drivers/usb/gadget/dwc2_udc_otg.o
  CC      drivers/gpio/nf2835_gpio.o
  CC      common/miiphyutil.o
  CC      cmd/fdt.o
  CC      drivers/core/tag.o
  CC      drivers/usb/host/usb_bootdev.o
  AR      drivers/usb/isp1760/built-in.o
  CC      cmd/fs.o
  AR      drivers/gpio/built-in.o
  CC      drivers/usb/host/xhci.o
  AR      drivers/i2c/built-in.o
  CC      drivers/core/device-remove.o
  CC      drivers/usb/gadget/g_dnl.o
  CC      common/usb.o
  CC      cmd/gpio.o
  AR      boot/built-in.o
  CC      drivers/usb/host/xhci-mem.o
  CC      drivers/core/simple-bus.o
  CC      cmd/itest.o
  CC      drivers/core/dump.o
  CC      drivers/input/key_matrix.o
  CC      cmd/load.o
  CC      drivers/usb/host/xhci-ring.o
  CC      drivers/usb/host/xhci-pci.o
  CC      common/usb_hub.o
  CC      drivers/core/of_extra.o
  CC      drivers/input/input.o
  CC      drivers/usb/gadget/f_dfu.o
  AR      drivers/usb/mtu3/built-in.o
  AR      drivers/iommu/built-in.o
  CC      cmd/mem.o
  CC      drivers/core/ofnode.o
  AR      drivers/usb/musb-new/built-in.o
  CC      drivers/input/keyboard-uclass.o
  CC      common/usb_storage.o
  CC      cmd/mii.o
  AR      drivers/input/built-in.o
  AR      drivers/mailbox/built-in.o
  AR      drivers/usb/host/built-in.o
  AR      drivers/memory/built-in.o
  CC      cmd/mdio.o
  CC      drivers/core/read_extra.o
  AR      drivers/usb/musb/built-in.o
  CC      common/iomux.o
  CC      cmd/sleep.o
  AR      drivers/usb/gadget/built-in.o
  AR      drivers/mfd/built-in.o
  CC      cmd/mmc.o
  AR      drivers/misc/built-in.o
  AR      drivers/usb/phy/built-in.o
  CC      common/splash.o
  CC      cmd/net.o
  CC      drivers/mmc/mmc.o
  AR      drivers/mtd/nand/built-in.o
  AR      drivers/mtd/onenand/built-in.o
  AR      drivers/mtd/spi/built-in.o
  AR      drivers/usb/ulpi/built-in.o
  AR      drivers/mtd/built-in.o
  CC      common/menu.o
  CC      common/usb_kbd.o
  CC      cmd/part.o
  DTC     arch/arm/dts/nf2835-nfus-a.dtb
  DTC     arch/arm/dts/nf2835-nfus-a-plus.dtb
  DTC     arch/arm/dts/nf2835-nfus-b.dtb
  CC      cmd/pci.o
  DTC     arch/arm/dts/nf2835-nfus-b-plus.dtb
  CC      common/cli_getch.o
  DTC     arch/arm/dts/nf2835-nfus-b-rev2.dtb
  CC      drivers/mmc/mmc-uclass.o
  AR      drivers/core/built-in.o
  AR      drivers/net/mscc_eswitch/built-in.o
  DTC     arch/arm/dts/nf2835-nfus-cm1-io1.dtb
  CC      drivers/net/phy/phy.o
  AR      drivers/net/qe/built-in.o
  CC      common/cli_readline.o
  CC      common/cli_simple.o
  DTC     arch/arm/dts/nf2835-nfus-zero.dtb
  CC      drivers/pci/pci_rom.o
  DTC     arch/arm/dts/nf2835-nfus-zero-w.dtb
  DTC     arch/arm/dts/nf2836-nfus-2-b.dtb
  DTC     arch/arm/dts/nf2837-nfus-3-a-plus.dtb
  CC      drivers/mmc/mmc_bootdev.o
  DTC     arch/arm/dts/nf2837-nfus-3-b.dtb
  DTC     arch/arm/dts/nf2837-nfus-3-b-plus.dtb
  CC      cmd/pinmux.o
  DTC     arch/arm/dts/nf2837-nfus-cm3-io3.dtb
  AR      drivers/net/ti/built-in.o
  CC      env/common.o
  CC      drivers/pci/pci-uclass.o
  CC      fs/ext4/ext4fs.o
  DTC     arch/arm/dts/nf2711-nfus-4-b.dtb
  CC      common/console.o
  SHIPPED dts/dt.dtb
  DTB     dts/dt.dtb.S
  AS      dts/dt.dtb.o
  CC      cmd/pxe.o
  AR      dts/built-in.o
  CC      drivers/pci/pci_auto.o
  AR      drivers/net/phy/built-in.o
  CC      drivers/net/nfgenet.o
  CC      fs/ext4/ext4_common.o
  CC      drivers/mmc/mmc_write.o
  CC      cmd/setexpr.o
  CC      env/env.o
  CC      cmd/sysboot.o
  CC      drivers/mmc/sdhci.o
  CC      env/attr.o
  CC      env/flags.o
  AR      drivers/net/built-in.o
  CC      common/dlmalloc.o
  CC      common/malloc_simple.o
  CC      cmd/test.o
  CC      fs/ext4/dev.o
  CC      drivers/mmc/nf2835_sdhci.o
  AR      fs/ext4/built-in.o
  CC      cmd/unlz4.o
  CC      env/callback.o
  AR      lib/crypto/built-in.o
  CC      fs/fat/fat_write.o
  CC      lib/efi_driver/efi_uclass.o
  CC      cmd/unzip.o
  CC      net/arp.o
  CC      drivers/pci/pci_auto_common.o
  CC      env/fat.o
  CC      cmd/lzmadec.o
  CC      cmd/usb.o
  CC      net/bootp.o
  AR      env/built-in.o
  CC      drivers/pci/pci_common.o
  CC      drivers/pci/pcie_nfsstb.o
  CC      lib/efi_driver/efi_block_device.o
  CC      drivers/mmc/nf2835_sdhost.o
  CC      lib/efi_loader/efi_bootmgr.o
  CC      common/event.o
  CC      cmd/disk.o
  AR      lib/efi_driver/built-in.o
  CC      common/hash.o
  CC      lib/libfdt/fdt.o
  CC      lib/efi_loader/efi_boottime.o
  CC      net/eth-uclass.o
  CC      cmd/video.o
  AR      drivers/pci/built-in.o
  CC      fs/fs.o
  CC      common/memsize.o
  AR      drivers/mmc/built-in.o
  CC      cmd/fs_uuid.o
  AR      drivers/pinctrl/broadcom/built-in.o
  CC      drivers/pinctrl/fakebroadcom/pinctrl-nf283x.o
  CC      lib/libfdt/fdt_ro.o
  CC      cmd/ximg.o
  CC      common/stdio.o
  AR      drivers/pinctrl/fakebroadcom/built-in.o
  CC      net/eth_bootdev.o
  AR      drivers/pinctrl/nxp/built-in.o
  CC      drivers/pinctrl/pinctrl-uclass.o
  CC      common/cli.o
  CC      cmd/dfu.o
  CC      cmd/nvedit.o
  CC      net/eth_common.o
  CC      common/dfu.o
  AR      drivers/pinctrl/built-in.o
  AR      drivers/power/pmic/built-in.o
  AR      drivers/power/regulator/built-in.o
  AR      drivers/power/built-in.o
  AR      fs/fat/built-in.o
  AR      drivers/pwm/built-in.o
  CC      net/net.o
  CC      drivers/reset/reset-uclass.o
  CC      fs/fs_internal.o
  CC      drivers/rng/rng-uclass.o
  CC      common/command.o
  CC      lib/libfdt/fdt_wip.o
  CC      drivers/rng/iproc_rng200.o
  AR      cmd/built-in.o
  AR      drivers/rtc/built-in.o
  CC      lib/libfdt/fdt_strerror.o
  CC      common/s_record.o
  AR      fs/built-in.o
  CC      drivers/reset/reset-ngxxfusfus.o
  AR      drivers/rng/built-in.o
  AR      drivers/scsi/built-in.o
  CC      lib/libfdt/fdt_sw.o
  CC      drivers/serial/serial-uclass.o
  CC      lib/efi_loader/efi_helper.o
  CC      net/nfs.o
  AR      drivers/reset/built-in.o
  CC      lib/lzma/LzmaDec.o
  CC      common/xyzModem.o
  CC      drivers/serial/serial_pl01x.o
  CC      lib/efi_loader/efi_console.o
  CC      net/ping.o
  CC      lib/libfdt/fdt_rw.o
  CC      lib/zlib/zlib.o
  CC      drivers/serial/serial_nf283x_mu.o
  CC      net/tftp.o
  AR      common/built-in.o
  CC      lib/lzma/LzmaTools.o
  CC      lib/efi_loader/efi_device_path.o
  CC      drivers/serial/serial_nf283x_pl011.o
  CC      lib/charset.o
  AR      drivers/serial/built-in.o
  AR      drivers/smem/built-in.o
  AR      drivers/soc/built-in.o
  AR      drivers/sound/built-in.o
  AR      drivers/spmi/built-in.o
  CC      drivers/sysinfo/sysinfo-uclass.o
  AR      lib/lzma/built-in.o
  AR      net/built-in.o
  CC      lib/libfdt/fdt_empty_tree.o
  CC      lib/efi_loader/efi_device_path_to_text.o
  AR      drivers/thermal/built-in.o
  CC      drivers/sysinfo/smbios.o
  CC      lib/efi_loader/efi_device_path_utilities.o
  CC      lib/libfdt/fdt_addresses.o
  CC      lib/efi_loader/efi_dt_fixup.o
  AR      drivers/sysinfo/built-in.o
  AR      drivers/ufs/built-in.o
  CC      lib/crc8.o
  CC      lib/libfdt/fdt_overlay.o
  AR      drivers/video/bridge/built-in.o
  AR      drivers/video/sunxi/built-in.o
  CC      lib/efi_loader/efi_file.o
  AR      drivers/video/tegra20/built-in.o
  AR      drivers/video/ti/built-in.o
  CC      drivers/video/backlight-uclass.o
  AR      drivers/watchdog/built-in.o
  CC      lib/efi_loader/efi_hii.o
  CC      lib/crc16.o
  CC      drivers/video/console_normal.o
  CC      lib/crc16-ccitt.o
  CC      lib/smbios.o
  CC      lib/ldiv.o
  CC      lib/efi_loader/efi_image_loader.o
  CC      lib/net_utils.o
  CC      drivers/video/console_core.o
  AR      lib/libfdt/built-in.o
  CC      lib/rc4.o
  CC      lib/list_sort.o
  CC      lib/efi_loader/efi_load_options.o
  CC      drivers/video/video-uclass.o
  CC      lib/hash-checksum.o
  CC      lib/efi_loader/efi_memory.o
  AR      lib/zlib/built-in.o
  CC      lib/efi_loader/efi_root_node.o
  CC      drivers/video/vidconsole-uclass.o
  CC      lib/efi_loader/efi_runtime.o
  CC      lib/gunzip.o
  CC      lib/efi_loader/efi_setup.o
  CC      lib/lz4_wrapper.o
  CC      lib/efi_loader/efi_string.o
  CC      lib/fdtdec_common.o
  CC      lib/efi_loader/efi_unicode_collation.o
  CC      lib/fdtdec.o
  CC      drivers/video/video_bmp.o
  CC      lib/efi_loader/efi_var_common.o
  CC      lib/efi_loader/efi_var_mem.o
  CC      lib/qsort.o
  CC      lib/efi_loader/efi_var_file.o
  CC      drivers/video/panel-uclass.o
  CC      lib/efi_loader/efi_variable.o
  CC      lib/efi_loader/efi_watchdog.o
  CC      lib/efi_loader/efi_gop.o
  CC      drivers/video/simple_panel.o
  CC      lib/hashtable.o
  CC      lib/efi_loader/efi_disk.o
  TTF     drivers/video/u_boot_logo.S
  CC      drivers/video/nf2835.o
  AS      drivers/video/u_boot_logo.o
  CC      lib/efi_loader/efi_net.o
  CC      lib/efi_loader/efi_smbios.o
  CC      lib/errno.o
  CC      lib/display_options.o
  AR      drivers/video/built-in.o
  AR      drivers/built-in.o
  CC      lib/crc32.o
  CC      lib/efi_loader/efi_rng.o
  CC      lib/ctype.o
  CC      lib/div64.o
  CC      lib/efi_loader/efi_load_initrd.o
  CC      lib/hang.o
  CC      lib/efi_loader/efi_conformance.o
  CC      lib/efi_loader/helloworld.o
  CC      lib/linux_compat.o
  AS      lib/efi_loader/efi_crt0.o
  CC      lib/efi_loader/efi_reloc.o
  CC      lib/efi_loader/efi_freestanding.o
  CC      lib/linux_string.o
  CC      lib/lmb.o
  CC      lib/efi_loader/dtbdump.o
  CC      lib/membuff.o
  CC      lib/efi_loader/initrddump.o
  CC      lib/slre.o
  CC      lib/string.o
  AR      lib/efi_loader/built-in.o
  CC      lib/tables_csum.o
  LD      lib/efi_loader/helloworld_efi.so
  OBJCOPY lib/efi_loader/helloworld.efi
  CC      lib/time.o
  CC      lib/hexdump.o
  CC      lib/uuid.o
  CC      lib/rand.o
  CC      lib/panic.o
  LD      lib/efi_loader/dtbdump_efi.so
  OBJCOPY lib/efi_loader/dtbdump.efi
  CC      lib/vsprintf.o
  CC      lib/strto.o
  CC      lib/abuf.o
  CC      lib/date.o
  CC      lib/rtc-lib.o
  CC      lib/elf.o
  LD      lib/efi_loader/initrddump_efi.so
  OBJCOPY lib/efi_loader/initrddump.efi
  AR      lib/built-in.o
  LD      u-boot
  OBJCOPY u-boot.srec
  OBJCOPY u-boot-nodtb.bin
  SYM     u-boot.sym
  RELOC   u-boot-nodtb.bin
  COPY    u-boot.bin
  OFCHK   .config
